#Build log:

File /opt/Development/workspace/FTA/migration/postgresql/000Add_EntityType_SFAndroid_And_EntityType_Spin_postgresql.sql status 0
File /opt/Development/workspace/FTA/migration/postgresql/000ColumnOutProjects_postgresql.sql status 0
File /opt/Development/workspace/FTA/migration/postgresql/000ElementOutProjects.sql status 0
File /opt/Development/workspace/FTA/migration/postgresql/001AddTableFTA_Farm.sql status 0
File /opt/Development/workspace/FTA/migration/postgresql/002AddTableFTA_TecnicalForm.sql status 0
File /opt/Development/workspace/FTA/migration/postgresql/003AddTableFTA_FarmDivision.sql status 0
File /opt/Development/workspace/FTA/migration/postgresql/004AddTableFTA_Farming.sql status 0
File /opt/Development/workspace/FTA/migration/postgresql/005AddTableFTA_MobilizationGuide.sql status 0
File /opt/Development/workspace/FTA/migration/postgresql/006AddFTA_ObservationType.sql status 0
File /opt/Development/workspace/FTA/migration/postgresql/007AddTableFTA_FarmingStage.sql status 0
File /opt/Development/workspace/FTA/migration/postgresql/008AddTableFTA_SuggestedProduct.sql status 0
File /opt/Development/workspace/FTA/migration/postgresql/009AddTableFTA_TechnicalFormLine.sql status 0
File /opt/Development/workspace/FTA/migration/postgresql/010AddTableFTA_ProductsToApply.sql status 0
File /opt/Development/workspace/FTA/migration/postgresql/011AddWindowProducer.sql status 0
File /opt/Development/workspace/FTA/migration/postgresql/012AddWindowObservationType.sql status 0
File /opt/Development/workspace/FTA/migration/postgresql/013AddWindowTechnicalForm.sql status 0
File /opt/Development/workspace/FTA/migration/postgresql/014AddWindowMobilizationGuide.sql status 0
File /opt/Development/workspace/FTA/migration/postgresql/015AddWindowSuggestedProduct.sql status 0
File /opt/Development/workspace/FTA/migration/postgresql/016UpdateTableFarmDivisionAndWindowProducer.sql status 0
File /opt/Development/workspace/FTA/migration/postgresql/017Alloc_Win_To_Table_postgresql.sql status 0
File /opt/Development/workspace/FTA/migration/postgresql/018Delete_UOM_Farm_postgresql.sql status 0
File /opt/Development/workspace/FTA/migration/postgresql/020Add_Window_Menu_postgresql.sql status 0
File /opt/Development/workspace/FTA/migration/postgresql/021Change_Columns_postgresql.sql status 0
File /opt/Development/workspace/FTA/migration/postgresql/022AddWindowVariety.sql status 0
File /opt/Development/workspace/FTA/migration/postgresql/023AddMenuVariety.sql status 0
File /opt/Development/workspace/FTA/migration/postgresql/024Change_Table_And_Windows_postgresql.sql status 0
File /opt/Development/workspace/FTA/migration/postgresql/025Add_Order_In_Column_postgresql.sql status 0
File /opt/Development/workspace/FTA/migration/postgresql/026Change_Table_And_Windows_postgresql.sql status 0
File /opt/Development/workspace/FTA/migration/postgresql/027Change_Table_And_Windows_postgresql.sql status 0
File /opt/Development/workspace/FTA/migration/postgresql/028Change_Table_And_Windows_postgresql.sql status 0
File /opt/Development/workspace/FTA/migration/postgresql/029Change_Table_And_Windows_postgresql.sql status 0
File /opt/Development/workspace/FTA/migration/postgresql/030Change_Table_And_Windows_postgresql.sql status 0
File /opt/Development/workspace/FTA/migration/postgresql/031Change_Translation_postgresql.sql status 0
File /opt/Development/workspace/FTA/migration/postgresql/032Add_Column_To_Farming_postgresql.sql status 0
File /opt/Development/workspace/FTA/migration/postgresql/033Add_Process_And_Changes_postgresql.sql status 0
File /opt/Development/workspace/FTA/migration/postgresql/034DeleteNameFromSuggestProduct.sql status 0
File /opt/Development/workspace/FTA/migration/postgresql/036Add_ProducerDebt_postgresql.sql status 0
File /opt/Development/workspace/FTA/migration/postgresql/037ChangeFieldsBPartner_postgresql.sql status 0
File /opt/Development/workspace/FTA/migration/postgresql/038Add_Qty_Column_FTA_Farming_postgresql.sql status 0
File /opt/Development/workspace/FTA/migration/postgresql/039Add_Change_Column_postgresql.sql status 0
File /opt/Development/workspace/FTA/migration/postgresql/040Change_Columns_postgresql.sql status 0
File /opt/Development/workspace/FTA/migration/postgresql/041Add_Ref_PlantingClycle_postgresql.sql status 0
File /opt/Development/workspace/FTA/migration/postgresql/042WorkFlow_FarmerCredit_postgresql.sql status 0
File /opt/Development/workspace/FTA/migration/postgresql/043Add_Column_CreditDefinition_postgresql.sql status 0
File /opt/Development/workspace/FTA/migration/postgresql/044Add_WorkFlow_Tech_Form_postgresql.sql status 0
File /opt/Development/workspace/FTA/migration/postgresql/045AddTableFTA_EntryTicket.sql status 0
File /opt/Development/workspace/FTA/migration/postgresql/046AddTableFTA_QualityAnalysis.sql status 0
File /opt/Development/workspace/FTA/migration/postgresql/047AddTableFTA_RecordWeight.sql status 0
File /opt/Development/workspace/FTA/migration/postgresql/048AddWindowEntryTicket.sql status 0
File /opt/Development/workspace/FTA/migration/postgresql/049AddWindowQualityAnalysis.sql status 0
File /opt/Development/workspace/FTA/migration/postgresql/050AddWindowRecordWeight.sql status 0
File /opt/Development/workspace/FTA/migration/postgresql/051UpdateReferenceFTA_QualityAnalysis_Product_Status.sql status 0
File /opt/Development/workspace/FTA/migration/postgresql/052AddMenuMaterialControl.sql status 0
File /opt/Development/workspace/FTA/migration/postgresql/059UpdateProjectFromElementsColumnsAndField.sql status 0
File /opt/Development/workspace/FTA/migration/postgresql/060Fixed_Functional_Errors_postgresql.sql status 0
File /opt/Development/workspace/FTA/migration/postgresql/061UpdateWindowEntryTicket.sql status 0
File /opt/Development/workspace/FTA/migration/postgresql/062UpdateWindow.sql status 0
File /opt/Development/workspace/FTA/migration/postgresql/063AddTableFTA_FarmerLiquidation.sql status 0
File /opt/Development/workspace/FTA/migration/postgresql/064AddTableFTA_FarmerLiquidationLine.sql status 0
File /opt/Development/workspace/FTA/migration/postgresql/065AddTableFTA_Allocation.sql status 0
File /opt/Development/workspace/FTA/migration/postgresql/066AddTableFTA_AllocationLine.sql status 0
File /opt/Development/workspace/FTA/migration/postgresql/067AddTableFTA_CategoryCalc.sql status 0
File /opt/Development/workspace/FTA/migration/postgresql/068AddTableFTA_ReceptionCapacity.sql status 0
File /opt/Development/workspace/FTA/migration/postgresql/069AddWindowAndMenuLiquidationAllocation.sql status 0
File /opt/Development/workspace/FTA/migration/postgresql/070AddWindowAndMenuFarmerLiquidation.sql status 0
File /opt/Development/workspace/FTA/migration/postgresql/071AddTabCategoryCalc.sql status 0
File /opt/Development/workspace/FTA/migration/postgresql/072AddWindowReceptionCapacity.sql status 0
File /opt/Development/workspace/FTA/migration/postgresql/073UpdateWindowProjectFTA.sql status 0
File /opt/Development/workspace/FTA/migration/postgresql/074AddColumnM_PriceList_IDAndPriceListIntoCreditDefinition.sql status 0
File /opt/Development/workspace/FTA/migration/postgresql/075Add_Callouts_CreditDefinition_postgresql.sql status 0
File /opt/Development/workspace/FTA/migration/postgresql/076AddColumns_CreditDefinition_postgresql.sql status 0
File /opt/Development/workspace/FTA/migration/postgresql/077Update_Columns_postgresql.sql status 0
File /opt/Development/workspace/FTA/migration/postgresql/078Add_DocBaseType_postgresql.sql status 0
File /opt/Development/workspace/FTA/migration/postgresql/079Change_Columns_On_FarmerCredit_postgresql.sql status 0
File /opt/Development/workspace/FTA/migration/postgresql/080Add_Tab_to_FarmerCredit_postgresql.sql status 0
File /opt/Development/workspace/FTA/migration/postgresql/081Add_Callout_ModelClass_TechForm_postgresql.sql status 0
File /opt/Development/workspace/FTA/migration/postgresql/082Add_Actions_MG_postgresql.sql status 0
File /opt/Development/workspace/FTA/migration/postgresql/083Add_WorkFlow_MG_postgresql.sql status 0
File /opt/Development/workspace/FTA/migration/postgresql/084Fixed_Error_MG_postgresql.sql status 0
File /opt/Development/workspace/FTA/migration/postgresql/085Add_RelType_Farming_postgresql.sql status 0
File /opt/Development/workspace/FTA/migration/postgresql/086Add_MaterialControl_WorkFlow_postgresql.sql status 0
File /opt/Development/workspace/FTA/migration/postgresql/087Add_QualityAnalysis_postgresql.sql status 0
File /opt/Development/workspace/FTA/migration/postgresql/088Add_Validation_QA_postgresql.sql status 0
File /opt/Development/workspace/FTA/migration/postgresql/089Add_Validation_RW_postgresql.sql status 0
File /opt/Development/workspace/FTA/migration/postgresql/090Add_FarmingAllocation_To_FarmerCredit_postgresql.sql status 0
File /opt/Development/workspace/FTA/migration/postgresql/091CorrectValidationFarmingAllocation_postgresql.sql status 0
File /opt/Development/workspace/FTA/migration/postgresql/092AddViewFTA_RV_LiquidationAndFTA_RV_LiquidationLine.sql status 0
File /opt/Development/workspace/FTA/migration/postgresql/092Generate_Order_FC_postgresql.sql status 0
File /opt/Development/workspace/FTA/migration/postgresql/093AddProcessLiquidationProducer.sql status 0
File /opt/Development/workspace/FTA/migration/postgresql/094CorrectProcessAndValidationFarmingCredit_postgresql.sql status 0
File /opt/Development/workspace/FTA/migration/postgresql/094UpdateTableFTA_RV_Liquidation.sql status 0
File /opt/Development/workspace/FTA/migration/postgresql/095AddPrintFormatLiquidationProducer.sql status 0
File /opt/Development/workspace/FTA/migration/postgresql/096UpdateReportLiquidationProducer.sql status 0
File /opt/Development/workspace/FTA/migration/postgresql/097UpdateTableFTA_FarmerLiquidation.sql status 0
File /opt/Development/workspace/FTA/migration/postgresql/100UpdateTableFTA_FarmerLiquidation.sql status 0
File /opt/Development/workspace/FTA/migration/postgresql/101AddViewFTA_RV_EntryTicket.sql status 0
File /opt/Development/workspace/FTA/migration/postgresql/102UpdateElementsViewFTA_RV_EntryTicket.sql status 0
File /opt/Development/workspace/FTA/migration/postgresql/103AddProcessEntryTicket.sql status 0
File /opt/Development/workspace/FTA/migration/postgresql/104Add_Columns_CreditType_FarmerCredit_postgresql.sql status 0
File /opt/Development/workspace/FTA/migration/postgresql/105AddReportEntryTicket.sql status 0
File /opt/Development/workspace/FTA/migration/postgresql/106AddPrintFontMonospaced18AndupgradeReportWntryTicket.sql status 0
File /opt/Development/workspace/FTA/migration/postgresql/107Add_CreditType_postgresql.sql status 0
File /opt/Development/workspace/FTA/migration/postgresql/108Add_FTA_RV_RecordWeightUnLiquidated_postgresql.sql status 0
File /opt/Development/workspace/FTA/migration/postgresql/109_AddBrowseLiquidationGenerate_postgresql.sql status 0
File /opt/Development/workspace/FTA/migration/postgresql/110Correct_ColumnsBrowseLiquidation_postgresql.sql status 0
File /opt/Development/workspace/FTA/migration/postgresql/111Add_Form_Allocation_postgresql.sql status 0
File /opt/Development/workspace/FTA/migration/postgresql/112ChangeColumn_CategoryCalc_From_Liquidation_To_Line_postgresql.sql status 0
File /opt/Development/workspace/FTA/migration/postgresql/113_Add_Doc_Type_Parameter_Liquidation_Generate_postgresql.sql status 0
File /opt/Development/workspace/FTA/migration/postgresql/114UpdateValidationListCreditIntoSalesOrder.sql status 0
File /opt/Development/workspace/FTA/migration/postgresql/115Add_Changes_Table_postgresql.sql status 0
File /opt/Development/workspace/FTA/migration/postgresql/116Add_Process_And_Columns_postgresql.sql status 0
File /opt/Development/workspace/FTA/migration/postgresql/118Add_Fact_And_Act_postgresql.sql status 0
File /opt/Development/workspace/FTA/migration/postgresql/119add_Credit_Tab_In_Act_postgresql.sql status 0
File /opt/Development/workspace/FTA/migration/postgresql/120Add_Selection_Columns_postgresql.sql status 0
File /opt/Development/workspace/FTA/migration/postgresql/121Add_Translation_of_window_and_tabs_postgresql.sql status 0
File /opt/Development/workspace/FTA/migration/postgresql/122Add_DocAction_CreditAct_postgresql.sql status 0
File /opt/Development/workspace/FTA/migration/postgresql/123Add_Process_OrderGenerate_postgresql.sql status 0
File /opt/Development/workspace/FTA/migration/postgresql/124Add_TA_Validation_postgresql.sql status 0
File /opt/Development/workspace/FTA/migration/postgresql/124Change_TA_Window_postgresql.sql status 0
File /opt/Development/workspace/FTA/migration/postgresql/125Add_Vehicle_and_Driver_postgresql.sql status 0
File /opt/Development/workspace/FTA/migration/postgresql/126Add_Callout_Vehicle_postgresql.sql status 0
File /opt/Development/workspace/FTA/migration/postgresql/127AddOrderLine_on_Farming_postgresql.sql status 0
File /opt/Development/workspace/FTA/migration/postgresql/128Add_FTA_RV_AllocationCreditActmigration_postgresql.sql status 0
File /opt/Development/workspace/FTA/migration/postgresql/129AddIsProducerElement_postgresql.sql status 0
File /opt/Development/workspace/FTA/migration/postgresql/130AddColumnIsFarmerAndFarmerValidationTable_postgresql.sql status 0
File /opt/Development/workspace/FTA/migration/postgresql/131AddSmartBrowseAllocationCreditAct_postgresql.sql status 0
File /opt/Development/workspace/FTA/migration/postgresql/132Add_FarmingCallout_postgresql.sql status 0
File /opt/Development/workspace/FTA/migration/postgresql/133CreditActBrowseTranslationAndWhereClause_postgresql.sql status 0
File /opt/Development/workspace/FTA/migration/postgresql/134CreditActBrowseChangeWhereClauseAndColumnReferences_postgresql.sql status 0
File /opt/Development/workspace/FTA/migration/postgresql/135CreditActBrowseAddProcessBrowse_postgresql.sql status 0
File /opt/Development/workspace/FTA/migration/postgresql/136CreditActBrowseAddRelationTabCreditAct_postgresql.sql status 0
File /opt/Development/workspace/FTA/migration/postgresql/138AddBrowseSuggestedProducts_postgresql.sql status 0
File /opt/Development/workspace/FTA/migration/postgresql/139AddFieldstoSuggestedProductBrowse_postgresql.sql status 0
File /opt/Development/workspace/FTA/migration/postgresql/140AddFieldstoSuggestedProductBrowse_postgresql.sql status 0
File /opt/Development/workspace/FTA/migration/postgresql/141AddFieldstoSuggestedProductBrowse_postgresql.sql status 0
File /opt/Development/workspace/FTA/migration/postgresql/142UpdateProcessSuggestedProduct_postgresql.sql status 0
File /opt/Development/workspace/FTA/migration/postgresql/143Add_Process_OrderGenerate_From_Credit_postgresql.sql status 0
File /opt/Development/workspace/FTA/migration/postgresql/144Add_Changes_OrderGenerate_postgresql.sql status 0
File /opt/Development/workspace/FTA/migration/postgresql/145UpdateWindowBPartnerAddFieldIsFarmer.sql status 0
File /opt/Development/workspace/FTA/migration/postgresql/146AlterTableC_DocTypeDropColumnC_DocType_ForOrder.sql status 0
File /opt/Development/workspace/FTA/migration/postgresql/147Add_FarmerCreateFact_postgresql.sql status 0
File /opt/Development/workspace/FTA/migration/postgresql/148UpdateReportEntryTicket.sql status 0
File /opt/Development/workspace/FTA/migration/postgresql/149AddViewFTA_RV_MovilizationGuide.sql status 0
File /opt/Development/workspace/FTA/migration/postgresql/150AddProcessFTA_RV_MobilizationGuide.sql status 0
File /opt/Development/workspace/FTA/migration/postgresql/151AddFarmerCreditBalance_postgresql.sql status 0
File /opt/Development/workspace/FTA/migration/postgresql/152AddReportMobilizationGuide.sql status 0
File /opt/Development/workspace/FTA/migration/postgresql/153_AddViewCreditSOAllocation_postgresql.sql status 0
File /opt/Development/workspace/FTA/migration/postgresql/154_AddBrowseCreditSOAllocation_postgresql.sql status 0
File /opt/Development/workspace/FTA/migration/postgresql/155AddQA_RW_View_postgresql.sql status 0
File /opt/Development/workspace/FTA/migration/postgresql/156AddDefaultColumn_QA_RW_postgresql.sql status 0
File /opt/Development/workspace/FTA/migration/postgresql/157Add_WorkFlow_LQ_postgresql.sql status 0
File /opt/Development/workspace/FTA/migration/postgresql/158AddReportRecordWeight.sql status 0
File /opt/Development/workspace/FTA/migration/postgresql/159SortFieldsBrowse_postgresql.sql status 0
File /opt/Development/workspace/FTA/migration/postgresql/160ChangesBrowse_postgresql.sql status 0
File /opt/Development/workspace/FTA/migration/postgresql/161UpdateReferenceOrg_Location_IDIntoViewFTA_RV_RecordWeight.sql status 0
File /opt/Development/workspace/FTA/migration/postgresql/162AddPrintFormatQualityAnalysisAndPrintFormatTableNoLines.sql status 0
File /opt/Development/workspace/FTA/migration/postgresql/163AddReportQualityAnalysis.sql status 0
File /opt/Development/workspace/FTA/migration/postgresql/164AddAttributeValueList_postgresql.sql status 0
File /opt/Development/workspace/FTA/migration/postgresql/165AddColumnsFTA_Allocation_postgresql.sql status 0
File /opt/Development/workspace/FTA/migration/postgresql/165AddProcessEntryTicket.sql status 0
File /opt/Development/workspace/FTA/migration/postgresql/166AddReportEntryTicket.sql status 0
File /opt/Development/workspace/FTA/migration/postgresql/167AddReportAttributeLists.sql status 0
File /opt/Development/workspace/FTA/migration/postgresql/168UpdateReportsQualityAnalisis.sql status 0
File /opt/Development/workspace/FTA/migration/postgresql/169UpdateReports.sql status 0
File /opt/Development/workspace/FTA/migration/postgresql/170Add_Generate_Cr_Dr_postgresql.sql status 0
File /opt/Development/workspace/FTA/migration/postgresql/171ChangeFieldEventType_postgresql.sql status 0
File /opt/Development/workspace/FTA/migration/postgresql/172DistributionAllocateCreditSO_postgresql.sql status 0
File /opt/Development/workspace/FTA/migration/postgresql/173SortBrowseFields_postgresql.sql status 0
File /opt/Development/workspace/FTA/migration/postgresql/174SortBrowseFields_postgresql.sql status 0
File /opt/Development/workspace/FTA/migration/postgresql/175Add_Rpt_CreditDefinition_postgresql.sql status 0
File /opt/Development/workspace/FTA/migration/postgresql/176Add_Rpt_Bill_of_Exchange_postgresql.sql status 0
File /opt/Development/workspace/FTA/migration/postgresql/177AddProcessFTA_RV_BillOfExchange_Detail.sql status 0
File /opt/Development/workspace/FTA/migration/postgresql/178AddReportDetailBillOfExchange.sql status 0
File /opt/Development/workspace/FTA/migration/postgresql/179UpdateProcessFTA_RV_BillOfExchange_DetailAddValidationCreditActCompleted.sql status 0
File /opt/Development/workspace/FTA/migration/postgresql/180Add_Prc_GenerateBOfEx_postgresql.sql status 0
File /opt/Development/workspace/FTA/migration/postgresql/181UpdateValidationParameterCreditActIntoProcessBillOfExChangeDetail.sql status 0
File /opt/Development/workspace/FTA/migration/postgresql/182Add_Process_Class_BillofExchange_postgresql.sql status 0
File /opt/Development/workspace/FTA/migration/postgresql/183AddFieldsRecordWeightUnLiquidate_postgresql.sql status 0
File /opt/Development/workspace/FTA/migration/postgresql/184AddBrowseFieldsRecordWeightUnLiquidate_postgresql.sql status 0
File /opt/Development/workspace/FTA/migration/postgresql/185AddScriptCalculateLiquidation_postgresql.sql status 0
File /opt/Development/workspace/FTA/migration/postgresql/186AddProcessBillofExchangeGenerate.sql status 0
File /opt/Development/workspace/FTA/migration/postgresql/187AddProecessFTA_CreditActBillofExchange.sql status 0
File /opt/Development/workspace/FTA/migration/postgresql/188AddViewFTA_RV_M_MovementAndViewFTA_RV_M_MovementLine.sql status 0
File /opt/Development/workspace/FTA/migration/postgresql/189AddViewReportM_Movement.sql status 0
File /opt/Development/workspace/FTA/migration/postgresql/190Add_Column_M_Movement_postgresql.sql status 0
File /opt/Development/workspace/FTA/migration/postgresql/191AddReportOfficeGuide.sql status 0
File /opt/Development/workspace/FTA/migration/postgresql/192ChangesCreditSOAllocation_postgresql.sql status 0
File /opt/Development/workspace/FTA/migration/postgresql/193AddTableFTA_CDL_Category.sql status 0
File /opt/Development/workspace/FTA/migration/postgresql/194AddTableFTA_InterestType.sql status 0
File /opt/Development/workspace/FTA/migration/postgresql/195AddTableFTA_InterestRate.sql status 0
File /opt/Development/workspace/FTA/migration/postgresql/196AddTableFTA_CDL_CategoryInterest.sql status 0
File /opt/Development/workspace/FTA/migration/postgresql/197AddWindowCreditDefinitionLineCategory.sql status 0
File /opt/Development/workspace/FTA/migration/postgresql/198AddWindowInterestType.sql status 0
File /opt/Development/workspace/FTA/migration/postgresql/199UpdateTableFTA_InterestTypeSelectionColumnType.sql status 0
File /opt/Development/workspace/FTA/migration/postgresql/200SortBrowseFields_postgresql.sql status 0
File /opt/Development/workspace/FTA/migration/postgresql/201AddCategoryDFL_postgresql.sql status 0
File /opt/Development/workspace/FTA/migration/postgresql/202AddCategoryDFLViewAndBrowse_postgresql.sql status 0
File /opt/Development/workspace/FTA/migration/postgresql/203ChangeInBrowseAllocateCreditAct_postgresql.sql status 0
File /opt/Development/workspace/FTA/migration/postgresql/204AddTableFTA_PaymentRequest.sql status 0
File /opt/Development/workspace/FTA/migration/postgresql/205AddWindowPaymentOrder.sql status 0
File /opt/Development/workspace/FTA/migration/postgresql/206UpdateWindowPaymentRequest.sql status 0
File /opt/Development/workspace/FTA/migration/postgresql/207Add_WorkFlowPaymentRequest_postgresql.sql status 0
File /opt/Development/workspace/FTA/migration/postgresql/208AddViewFTA_RV_PaymentRequest.sql status 0
File /opt/Development/workspace/FTA/migration/postgresql/209AddProcessFTA_RV_PaymentRequest.sql status 0
File /opt/Development/workspace/FTA/migration/postgresql/210AddReportPaymentRequest.sql status 0
File /opt/Development/workspace/FTA/migration/postgresql/211Add_Validation_postgresql.sql status 0
File /opt/Development/workspace/FTA/migration/postgresql/212AddCalloutForQtyAndAmtApprovedCredit_postgresql.sql status 0
File /opt/Development/workspace/FTA/migration/postgresql/213UpdateTableFTA_InterestType.sql status 0
File /opt/Development/workspace/FTA/migration/postgresql/214Change_Process_CR_DR_postgresql.sql status 0
File /opt/Development/workspace/FTA/migration/postgresql/215UpdateColumnIsFarmerDefaultN.sql status 0
File /opt/Development/workspace/FTA/migration/postgresql/218DeleteColumns_Name_Farming_postgresql.sql status 0
File /opt/Development/workspace/FTA/migration/postgresql/219AddProcessFTA_RV_RecordWeightRomanBallot.sql status 0
File /opt/Development/workspace/FTA/migration/postgresql/220AddReportRomanBallot.sql status 0
File /opt/Development/workspace/FTA/migration/postgresql/221UpdateReportRomanBallot.sql status 0
File /opt/Development/workspace/FTA/migration/postgresql/222AlterViewFTA_RV_RecordWeight.sql status 0
File /opt/Development/workspace/FTA/migration/postgresql/223UpdateReportRomanBallot.sql status 0
File /opt/Development/workspace/FTA/migration/postgresql/224RecordWeightDetail.sql status 0
File /opt/Development/workspace/FTA/migration/postgresql/225AddFieldIsImported_postgresql.sql status 0
File /opt/Development/workspace/FTA/migration/postgresql/226Add_Columns_Invoice_postgresql.sql status 0
File /opt/Development/workspace/FTA/migration/postgresql/227UpdateProcesFTA_RecordWeight_RecordWeightDetail.sql status 0
File /opt/Development/workspace/FTA/migration/postgresql/228AddViewFTA_RV_TechnicalForm.sql status 0
File /opt/Development/workspace/FTA/migration/postgresql/229AddViewFTA_RV_TechnicalFormLine.sql status 0
File /opt/Development/workspace/FTA/migration/postgresql/230AddViewFTA_RV_ProductsToApply.sql status 0
File /opt/Development/workspace/FTA/migration/postgresql/231AddProcessFTA_RV_TechnicalForm.sql status 0
File /opt/Development/workspace/FTA/migration/postgresql/232AddReportTechnicalForm.sql status 0
File /opt/Development/workspace/FTA/migration/postgresql/233UpdateReportTechnicalForm.sql status 0
File /opt/Development/workspace/FTA/migration/postgresql/234Add_Columns_Invoice_Credit_postgresql.sql status 0
File /opt/Development/workspace/FTA/migration/postgresql/235AddFieldIsInDispute_postgresql.sql status 0
File /opt/Development/workspace/FTA/migration/postgresql/236SortFieldsLiquidationBrowse_postgresql.sql status 0
File /opt/Development/workspace/FTA/migration/postgresql/237AddProcessDetailMobilizationGuide.sql status 0
File /opt/Development/workspace/FTA/migration/postgresql/239AddReportDetailMobilizationGuide.sql status 0
File /opt/Development/workspace/FTA/migration/postgresql/240ChangeValidationProductLiquidation_postgresql.sql status 0
File /opt/Development/workspace/FTA/migration/postgresql/241AddBrowseGeneratePayRequestFromLiquidation_postgresql.sql status 0
File /opt/Development/workspace/FTA/migration/postgresql/241Add_Columns_InterestType_postgresql.sql status 0
File /opt/Development/workspace/FTA/migration/postgresql/242UpdateReportDetailGuideMobilization.sql status 0
File /opt/Development/workspace/FTA/migration/postgresql/243ChangeColumnsBrowseGeneratePayRequest_postgresql.sql status 0
File /opt/Development/workspace/FTA/migration/postgresql/244AddFieldsToBrowsePaymentLiquidation_postgresql.sql status 0
File /opt/Development/workspace/FTA/migration/postgresql/245Add_ProcessInterestCalculate_postgresql.sql status 0
File /opt/Development/workspace/FTA/migration/postgresql/246ChangeParameterProcess_postgresql.sql status 0
File /opt/Development/workspace/FTA/migration/postgresql/247ChangeParameterProcessPaymentRequest_postgresql.sql status 0
File /opt/Development/workspace/FTA/migration/postgresql/248Changes_in_InterestType_postgresql.sql status 0
File /opt/Development/workspace/FTA/migration/postgresql/249AddProcessFTA_RV_Contract.sql status 0
File /opt/Development/workspace/FTA/migration/postgresql/250AddPaySeletionCheckToPaymentRequest_postgresql.sql status 0
File /opt/Development/workspace/FTA/migration/postgresql/251AddReportRecordWeightAndGuides.sql status 0
File /opt/Development/workspace/FTA/migration/postgresql/252AddBrowseGeneratePaySelection_postgresql.sql status 0
File /opt/Development/workspace/FTA/migration/postgresql/253AddProcessParameterToGeneratePaySelectionProcess_postgresql.sql status 0
File /opt/Development/workspace/FTA/migration/postgresql/254AddProcessFTA_RV_LiquidationDetail.sql status 0
File /opt/Development/workspace/FTA/migration/postgresql/255AddViewFTA_RV_LiquidationDetail.sql status 0
File /opt/Development/workspace/FTA/migration/postgresql/256AddReportDetailLiquidation.sql status 0
File /opt/Development/workspace/FTA/migration/postgresql/257AddProcessPaymenRequestDetail.sql status 0
File /opt/Development/workspace/FTA/migration/postgresql/258AddReportPaymentRequestDetail.sql status 0
File /opt/Development/workspace/FTA/migration/postgresql/259AddColumnInTableC_InvoiceLineandElementDocAffected.sql status 0
File /opt/Development/workspace/FTA/migration/postgresql/260UpdateReportDetailGuides.sql status 0
File /opt/Development/workspace/FTA/migration/postgresql/261AddProcesFTA_RV_LiquidationsLineDetail.sql status 0
File /opt/Development/workspace/FTA/migration/postgresql/262AddReportDetailLiquidation.sql status 0
File /opt/Development/workspace/FTA/migration/postgresql/263UpdateReportQualityAnlysis.sql status 0
File /opt/Development/workspace/FTA/migration/postgresql/264UpdateReportEntryTicket.sql status 0
File /opt/Development/workspace/FTA/migration/postgresql/265UpdateReportRecordWeight.sql status 0
File /opt/Development/workspace/FTA/migration/postgresql/266Add_Changes_Process_Receipt_Management_postgresql.sql status 0
File /opt/Development/workspace/FTA/migration/postgresql/267Add_SQL_Columns_RecordWeight_postgresql.sql status 0
File /opt/Development/workspace/FTA/migration/postgresql/268AddViewFTA_RV_AllocationAndViewFTA_RV_Allocation.sql status 0
File /opt/Development/workspace/FTA/migration/postgresql/269AddColumnC_Uom_Area_IDIntoTableAD_ClientInfo.sql status 0
File /opt/Development/workspace/FTA/migration/postgresql/270AddBPartnerFieldOnBrowseCreditAct_postgresql.sql status 0
File /opt/Development/workspace/FTA/migration/postgresql/271UpdateViewFTA_RV_MobilizationGuide.sql status 0
File /opt/Development/workspace/FTA/migration/postgresql/272AddViewFTA_RV_FarmerCreditAndViewFTA_RV_Farming.sql status 0
File /opt/Development/workspace/FTA/migration/postgresql/273AddProcessFTA_RV_FarmerCreditRequestCreditIntoWindowFarmerCredit.sql status 0
File /opt/Development/workspace/FTA/migration/postgresql/274AddReportCreditRequest.sql status 0
File /opt/Development/workspace/FTA/migration/postgresql/275CorrectValidationsInProcess_postgresql.sql status 0
File /opt/Development/workspace/FTA/migration/postgresql/276UpdateReportCreditRequest.sql status 0
File /opt/Development/workspace/FTA/migration/postgresql/277AddProcessFTA_RV_Allocation.sql status 0
File /opt/Development/workspace/FTA/migration/postgresql/278AddReportAllocation.sql status 0
File /opt/Development/workspace/FTA/migration/postgresql/279UpdateViewAndReportFTA_RV_Liquidation.sql status 0
File /opt/Development/workspace/FTA/migration/postgresql/280AddBrowseGenerateInvoice_postgresql.sql status 0
File /opt/Development/workspace/FTA/migration/postgresql/281Add_LineDistribution_postgresql.sql status 0
File /opt/Development/workspace/FTA/migration/postgresql/282AddFieldsMandatoryForBrowseGenerateInvoice_postgresql.sql status 0
File /opt/Development/workspace/FTA/migration/postgresql/283AddOrderIDToViewLiquidationsForInvoiced_postgresql.sql status 0
File /opt/Development/workspace/FTA/migration/postgresql/283Add_ChangesOnView_postgresql.sql status 0
File /opt/Development/workspace/FTA/migration/postgresql/285AddFieldLiquidationToInvoice_postgresql.sql status 0
File /opt/Development/workspace/FTA/migration/postgresql/286DropColumnInvoiceInFarmerLiquidation_postgresql.sql status 0
File /opt/Development/workspace/FTA/migration/postgresql/287AddZoomfromtheProducerSettlementAllocation.sql status 0
File /opt/Development/workspace/FTA/migration/postgresql/288AddMessageAllocateDocumentLiquidation_postgresql.sql status 0
File /opt/Development/workspace/FTA/migration/postgresql/289Add_Validation_Balance_postgresql.sql status 0
File /opt/Development/workspace/FTA/migration/postgresql/290AddAprovedFieldstoCreditAct_postgresql.sql status 0
File /opt/Development/workspace/FTA/migration/postgresql/291UpdateFTA_CreditDefinition_IDIntoTableFTA_FarmerCredit.sql status 0
File /opt/Development/workspace/FTA/migration/postgresql/292Add_Form_LoadOrder_postgresql.sql status 0
File /opt/Development/workspace/FTA/migration/postgresql/293AddTableFTA_LoadOrder.sql status 0
File /opt/Development/workspace/FTA/migration/postgresql/294AddFTA_OrderLineDetail.sql status 0
File /opt/Development/workspace/FTA/migration/postgresql/295AddWindowLoadOrder.sql status 0
File /opt/Development/workspace/FTA/migration/postgresql/296UpdateWindowLoadOrder.sql status 0
File /opt/Development/workspace/FTA/migration/postgresql/297AddColumOperationType_postgresql.sql status 0
File /opt/Development/workspace/FTA/migration/postgresql/298AddRefListOperationType_postgresql.sql status 0
File /opt/Development/workspace/FTA/migration/postgresql/299AddWorkflowProcessLoadOrder.sql status 0
File /opt/Development/workspace/FTA/migration/postgresql/300UpdateWindowLoadOrder.sql status 0
File /opt/Development/workspace/FTA/migration/postgresql/301UpdateModelFTATableFTA_LoadOrder.sql status 0
File /opt/Development/workspace/FTA/migration/postgresql/302SetVisibleCreditDefinitionInFarmerCredit_postgresql.sql status 0
File /opt/Development/workspace/FTA/migration/postgresql/303UpdateWindowLoadOrderAndAddCalloutLoadOrder.sql status 0
File /opt/Development/workspace/FTA/migration/postgresql/304AddReferenceColumnM_Warehouse_IDFilterforOrganizationIntoTableLoadOrder.sql status 0
File /opt/Development/workspace/FTA/migration/postgresql/305UpdateValidationFTA_OpertionType.sql status 0
File /opt/Development/workspace/FTA/migration/postgresql/306UpdateWIndowFTA_LoadOrder.sql status 0
File /opt/Development/workspace/FTA/migration/postgresql/307UpdateValidationFTA_LoadOrder.sql status 0
File /opt/Development/workspace/FTA/migration/postgresql/308Add_CreditDefinitionCheck_postgresql.sql status 0
File /opt/Development/workspace/FTA/migration/postgresql/309UpdateWindowFTA_LoadOrderAddCallout.sql status 0
File /opt/Development/workspace/FTA/migration/postgresql/310UpdateWIndowFTA_LoadOrder.sql status 0
File /opt/Development/workspace/FTA/migration/postgresql/311Add_ProcessParameter_TF_postgresql.sql status 0
File /opt/Development/workspace/FTA/migration/postgresql/312Add_Process_Aut_Order_postgresql.sql status 0
File /opt/Development/workspace/FTA/migration/postgresql/313CorrectBrowseCreditAct_postgresql.sql status 0
File /opt/Development/workspace/FTA/migration/postgresql/314AddChangeCategoryProcess_postgresql.sql status 0
File /opt/Development/workspace/FTA/migration/postgresql/315UPdateValidtionCreditCompleted.sql status 0
File /opt/Development/workspace/FTA/migration/postgresql/316UpdateTableFTA_LoadOrderAddColumnM_Product.sql status 0
File /opt/Development/workspace/FTA/migration/postgresql/317AddBP_BankAccount_To_PaymentRequest_postgresql.sql status 0
File /opt/Development/workspace/FTA/migration/postgresql/318UpdateWindowFTA_LoadOrder.sql status 0
File /opt/Development/workspace/FTA/migration/postgresql/319UpdateValidationOfLoadOrder_RecordWeight_QualityAnalysis_EntryTicket.sql status 0
File /opt/Development/workspace/FTA/migration/postgresql/320UpdateValidationWindowQualityAnalysis.sql status 0
File /opt/Development/workspace/FTA/migration/postgresql/321AddCalloutOrderIntoTableFTA_EntryTIcket.sql status 0
File /opt/Development/workspace/FTA/migration/postgresql/322AddZoomAccrosCreditDefinition_BillOfExchange.sql status 0
File /opt/Development/workspace/FTA/migration/postgresql/323AddCalloutIsSOTrxinTableFTA_EntryTicket.sql status 0
File /opt/Development/workspace/FTA/migration/postgresql/324UpdateWindowLoadOrderEntryTicket.sql status 0
File /opt/Development/workspace/FTA/migration/postgresql/325UpdateCalloutsFTA.sql status 0
File /opt/Development/workspace/FTA/migration/postgresql/326UpdateWindowLoadOrder.sql status 0
File /opt/Development/workspace/FTA/migration/postgresql/327UpdateWindowLoadOrder.sql status 0
File /opt/Development/workspace/FTA/migration/postgresql/328UpdateWindowLoadOrder.sql status 0
File /opt/Development/workspace/FTA/migration/postgresql/329ChangeParameterFTA_CreditDefinition_To_oracle.sql status 0
File /opt/Development/workspace/FTA/migration/postgresql/330UpdateLoadOrder_EntryTicket_QualityAnalysis.sql status 0
File /opt/Development/workspace/FTA/migration/postgresql/331UpdateEntryTicketMobilizationGuide.sql status 0
File /opt/Development/workspace/FTA/migration/postgresql/332UpdateEntryTicket.sql status 0
File /opt/Development/workspace/FTA/migration/postgresql/333UpdateValidationM_AttributeValueOwner.sql status 0
File /opt/Development/workspace/FTA/migration/postgresql/334UpdateValidationsandWindowEntryTicketRecordWeight.sql status 0
File /opt/Development/workspace/FTA/migration/postgresql/335AddWindowChute.sql status 0
File /opt/Development/workspace/FTA/migration/postgresql/336UpdateValidationEntryTicketIntoWindowQualityAnalysisChute.sql status 0
File /opt/Development/workspace/FTA/migration/postgresql/337UpdateCaloutQualityAnalysis.sql status 0
File /opt/Development/workspace/FTA/migration/postgresql/338AddWindowCategoryCalcFilterCategoryCalcGroup.sql status 0
File /opt/Development/workspace/FTA/migration/postgresql/339UpdateWindowFTA_CategoryCalcFilter.sql status 0
File /opt/Development/workspace/FTA/migration/postgresql/340AddProductToRecordWeight_postgresql.sql status 0
File /opt/Development/workspace/FTA/migration/postgresql/341AddReportSupervisorUpdateWindowCategoryCalc.sql status 0
File /opt/Development/workspace/FTA/migration/postgresql/342UpdateProcessMobilizationGuideGenerated.sql status 0
File /opt/Development/workspace/FTA/migration/postgresql/343AddProductFiltertoRecordWeight_postgresql.sql status 0
File /opt/Development/workspace/FTA/migration/postgresql/344AddReportMobilizationGuideDetailNotUsed.sql status 0
File /opt/Development/workspace/FTA/migration/postgresql/345UpdateProcessFTA_CategoryProductionGenerated.sql status 0
File /opt/Development/workspace/FTA/migration/postgresql/346UpdateProcessRecordWeightWithQualityAnalysis.sql status 0
File /opt/Development/workspace/FTA/migration/postgresql/347UpdateEntryTicket.sql status 0
File /opt/Development/workspace/FTA/migration/postgresql/348AddReportMobilizationGuideQualityAnalysisInApplied.sql status 0
File /opt/Development/workspace/FTA/migration/postgresql/349AddWindowCDLReportUpdateViewFTA_RV_BillOfExchange.sql status 0
File /opt/Development/workspace/FTA/migration/postgresql/350UpdateReportWeightRegistryQualityAssessmentElementOperationTyppe.sql status 0
File /opt/Development/workspace/FTA/migration/postgresql/351AddTabIntoInvoiceDocumentFact.sql status 0
File /opt/Development/workspace/FTA/migration/postgresql/352AddTabDocumentFactIntoOrder.sql status 0
File /opt/Development/workspace/FTA/migration/postgresql/353UpdateTabDocumentFact.sql status 0
File /opt/Development/workspace/FTA/migration/postgresql/354AddProcessCopyFromCreditDefinition.sql status 0
File /opt/Development/workspace/FTA/migration/postgresql/355UpdateViewFTA_RV_EntryTicket.sql status 0
File /opt/Development/workspace/FTA/migration/postgresql/356AddTabProductListApproved.sql status 0
File /opt/Development/workspace/FTA/migration/postgresql/357AddReportFTA_SuppliesDelivered.sql status 0
File /opt/Development/workspace/FTA/migration/postgresql/358AddProcessMobilizationGuideGeneratedDestock.sql status 0
File /opt/Development/workspace/FTA/migration/postgresql/359AddProcessGeneratedGuideDispatch.sql status 0
File /opt/Development/workspace/FTA/migration/postgresql/360AddCallOutFTALoadOrderInRecordWeight_postgresql.sql status 0
File /opt/Development/workspace/FTA/migration/postgresql/361AddWindowShipmentGuide.sql status 0
File /opt/Development/workspace/FTA/migration/postgresql/362UpdateWindowLoadOrder.sql status 0
File /opt/Development/workspace/FTA/migration/postgresql/363UpdateWindowEntryTicket.sql status 0
File /opt/Development/workspace/FTA/migration/postgresql/364UpdateProcessGeneratedGuideShipment.sql status 0
File /opt/Development/workspace/FTA/migration/postgresql/365AddViewFTA_RV_ShipmentGuideandPrintFormat.sql status 0
File /opt/Development/workspace/FTA/migration/postgresql/366UpdateReportShipmentGuide.sql status 0
File /opt/Development/workspace/FTA/migration/postgresql/367UpdateWindowProductsApproved.sql status 0
File /opt/Development/workspace/FTA/migration/postgresql/368UpdatetableFTA_RecordWeight.sql status 0
File /opt/Development/workspace/FTA/migration/postgresql/369UpdateWindowRecordWeight.sql status 0
File /opt/Development/workspace/FTA/migration/postgresql/370AddReportSampleSheetSupervisor.sql status 0
File /opt/Development/workspace/FTA/migration/postgresql/371UpdatePaymentRequest.sql status 0
File /opt/Development/workspace/FTA/migration/postgresql/372UpdateViewFTA_RV_RecordWeight.sql status 0
File /opt/Development/workspace/FTA/migration/postgresql/373AddBrowseGenerateCreditDebit_postgresql.sql status 0
File /opt/Development/workspace/FTA/migration/postgresql/374UpdateTableFTA_CategoryCalcFilterAddColumns.sql status 0
File /opt/Development/workspace/FTA/migration/postgresql/375AddviewFTA_RV_FactAndProcessFTA_RV_DocumentFactAccountStatement.sql status 0
File /opt/Development/workspace/FTA/migration/postgresql/376UpdateViewFTA_RV_Fact.sql status 0
File /opt/Development/workspace/FTA/migration/postgresql/377OrderFieldsToBrowseGenerateCreditDebit_postgresql.sql status 0
File /opt/Development/workspace/FTA/migration/postgresql/378AddProcessParameterBrowseGenerateCreditDebit_postgresql.sql status 0
File /opt/Development/workspace/FTA/migration/postgresql/379UpdateReferencesInTables.sql status 0
File /opt/Development/workspace/FTA/migration/postgresql/380UpdateProcessChangeCategory.sql status 0
File /opt/Development/workspace/FTA/migration/postgresql/381AddFieldSelectiontoCreditDebitBrowse_postgresql.sql status 0
File /opt/Development/workspace/FTA/migration/postgresql/381AddProcessFixCost_postgresql.sql status 0
File /opt/Development/workspace/FTA/migration/postgresql/382UpdateWindowFarmerCredit.sql status 0
File /opt/Development/workspace/FTA/migration/postgresql/383AddTableFTA_RecordWeightDetail.sql status 0
File /opt/Development/workspace/FTA/migration/postgresql/384AddBrowseQuoteconvert_postgresql.sql status 0
File /opt/Development/workspace/FTA/migration/postgresql/385UpdateViewFTA_RV_MobilizationGuide.sql status 0
File /opt/Development/workspace/FTA/migration/postgresql/386UpdateValidation.sql status 0
File /opt/Development/workspace/FTA/migration/postgresql/387UpdateProcess.sql status 0
File /opt/Development/workspace/FTA/migration/postgresql/388UpdateProcessRecordWeightDetail.sql status 0
File /opt/Development/workspace/FTA/migration/postgresql/389AddLineDescriptionToBrowseGenerateCreditDebit_postgresql.sql status 0
File /opt/Development/workspace/FTA/migration/postgresql/390UpdateProcessCopyFromCreditDefinition.sql status 0
File /opt/Development/workspace/FTA/migration/postgresql/391SortBrowseForCreditDefinitionCategory_postgresql.sql status 0
File /opt/Development/workspace/FTA/migration/postgresql/392UpdateTabInInvoiceAndSalesOrderAddreportDetailWeightRegisterGrouped.sql status 0
File /opt/Development/workspace/FTA/migration/postgresql/393UpdateTabInInvoiceAndSalesOrder.sql status 0
File /opt/Development/workspace/FTA/migration/postgresql/394Add_Params_MG_Detail_postgresql.sql status 0
File /opt/Development/workspace/FTA/migration/postgresql/395AddColumnFTA_FarmerCreditintoC_Payment.sql status 0
File /opt/Development/workspace/FTA/migration/postgresql/396UpdateReportMobilizationGuideDetailAndNotUsed.sql status 0
File /opt/Development/workspace/FTA/migration/postgresql/397UpdateViewFTA_RV_FactAddcolumnDocumentNO.sql status 0
File /opt/Development/workspace/FTA/migration/postgresql/398UpdateProcessInputsDelivered.sql status 0
File /opt/Development/workspace/FTA/migration/postgresql/399UpdateTabFTA_Fact_UPdateProcessGenerateCreditDebit.sql status 0
File /opt/Development/workspace/FTA/migration/postgresql/400UpdateViewFTA_RV_Fact.sql status 0
File /opt/Development/workspace/FTA/migration/postgresql/401UpdateTablesFTA_LoadOrderandFTA_EntryTicket.sql status 0
File /opt/Development/workspace/FTA/migration/postgresql/402AddViewLoadOrder.sql status 0
File /opt/Development/workspace/FTA/migration/postgresql/403AddReportLoadOrder.sql status 0
File /opt/Development/workspace/FTA/migration/postgresql/404AddProcessRecalculateWeighttoPayAnaBatchProcessingGuide.sql status 0
File /opt/Development/workspace/FTA/migration/postgresql/405AddFTA_Is_Pay_Weight_Receipt_Qty_postgresql.sql status 0
File /opt/Development/workspace/FTA/migration/postgresql/405AddReportLoadOrderDetail.sql status 0
File /opt/Development/workspace/FTA/migration/postgresql/406UpdateViewFTA_RV_Fact.sql status 0
File /opt/Development/workspace/FTA/migration/postgresql/407AddReportVehicleStatus.sql status 0
File /opt/Development/workspace/FTA/migration/postgresql/408UpdateTableEntryTicketUpdateProcessRecordWeightBatchProcess.sql status 0
File /opt/Development/workspace/FTA/migration/postgresql/409UpdateProcessRecordWeight.sql status 0
File /opt/Development/workspace/FTA/migration/postgresql/410AddSupportForParentFarmerCredit.sql status 0
File /opt/Development/workspace/FTA/migration/postgresql/411AddReportDetailBillOfExchange.sql status 0
File /opt/Development/workspace/FTA/migration/postgresql/412UpdateTranslationProcess.sql status 0
File /opt/Development/workspace/FTA/migration/postgresql/413AddSmartBrowseEntryTicket.sql status 0
File /opt/Development/workspace/FTA/migration/postgresql/414UpdateSmartBrowseEntryTicket.sql status 0
File /opt/Development/workspace/FTA/migration/postgresql/415UpdateSmartBrowseEntryTicket.sql status 0
File /opt/Development/workspace/FTA/migration/postgresql/416UpdateSmartBrowseEntryTicketViewEntryTicketReportContract.sql status 0
File /opt/Development/workspace/FTA/migration/postgresql/417Add_ColumnstoLiquidationDetail_postgresql.sql status 0
File /opt/Development/workspace/FTA/migration/postgresql/418AddColumns_to_LiquidationLine_postgresql.sql status 0
File /opt/Development/workspace/FTA/migration/postgresql/419Add_ColumnstoLiquidationLine_postgresql.sql status 0
File /opt/Development/workspace/FTA/migration/postgresql/420UpdateWindowCreditDefinitionAddColumnCreditType.sql status 0
File /opt/Development/workspace/FTA/migration/postgresql/421UpdateWindowCreditDefinition.sql status 0
File /opt/Development/workspace/FTA/migration/postgresql/422UpdateViewFTA_RV_LiquidationLine.sql status 0
File /opt/Development/workspace/FTA/migration/postgresql/423DetailRecordWeightBusinessPartner.sql status 0
File /opt/Development/workspace/FTA/migration/postgresql/423UpdateWindows.sql status 0
File /opt/Development/workspace/FTA/migration/postgresql/424AddProcessAuthorizePrinting.sql status 0
File /opt/Development/workspace/FTA/migration/postgresql/425WindowFTA_Farming.sql status 0
File /opt/Development/workspace/FTA/migration/postgresql/426UpdateWindowAndCalloutFarmerCredit.sql status 0
File /opt/Development/workspace/FTA/migration/postgresql/427AddReportDetailWeightRegistry(Summary).sql status 0
File /opt/Development/workspace/FTA/migration/postgresql/428UpdateProcessGeneratedMobilizationGuide.sql status 0
File /opt/Development/workspace/FTA/migration/postgresql/429AddProcessDetailWeightRegistryReceptions.sql status 0
File /opt/Development/workspace/FTA/migration/postgresql/430UpdateTabFarmerCreditInWindowCreditAct.sql status 0
File /opt/Development/workspace/FTA/migration/postgresql/431UpdateNameReports.sql status 0
File /opt/Development/workspace/FTA/migration/postgresql/432UpdateWindowFarmerCredit.sql status 0
File /opt/Development/workspace/FTA/migration/postgresql/433AddInformofTechnicalForm.sql status 0
File /opt/Development/workspace/FTA/migration/postgresql/434AddProcessAndReportDetailCategory.sql status 0
File /opt/Development/workspace/FTA/migration/postgresql/435UpdateProcessAndMessages.sql status 0
File /opt/Development/workspace/FTA/migration/postgresql/436UpdateProcessInterestGeneratedAddDocAction.sql status 0
File /opt/Development/workspace/FTA/migration/postgresql/437AddFarmerCreditPaySchedule.sql status 0
File /opt/Development/workspace/FTA/migration/postgresql/438UpdateFarmerCreditPaySchedule.sql status 0
File /opt/Development/workspace/FTA/migration/postgresql/439UpdateFTA_FarmerCredit.sql status 0
File /opt/Development/workspace/FTA/migration/postgresql/440UpdateCrossMobilizationGuide.sql status 0
File /opt/Development/workspace/FTA/migration/postgresql/441UpdateViewMobilizationGuideAndRecordWeight.sql status 0
File /opt/Development/workspace/FTA/migration/postgresql/442UpdateWindowEntryTicket.sql status 0
File /opt/Development/workspace/FTA/migration/postgresql/443AddValidationDetailofWeightwithoutRegistrationOfficeGuide.sql status 0
File /opt/Development/workspace/FTA/migration/postgresql/444Add_CDL_ReportGroup_postgresql.sql status 0
File /opt/Development/workspace/FTA/migration/postgresql/445Add_CDL_ReportGroup_Menu_postgresql.sql status 0
File /opt/Development/workspace/FTA/migration/postgresql/446AddColumnPrintName_CDLReportGroup_postgresql.sql status 0
File /opt/Development/workspace/FTA/migration/postgresql/447Add_Translation_postgresql.sql status 0
File /opt/Development/workspace/FTA/migration/postgresql/448Add_Sequence_postgresql.sql status 0
File /opt/Development/workspace/FTA/migration/postgresql/449AddSequence_postgresql.sql status 0
File /opt/Development/workspace/FTA/migration/postgresql/450AddCDLMovementReport_postgresql.sql status 0
File /opt/Development/workspace/FTA/migration/postgresql/451AddAS_FarmerDetail_postgresql.sql status 0
File /opt/Development/workspace/FTA/migration/postgresql/452UpdateTranslationTabGuideDetail.sql status 0
File /opt/Development/workspace/FTA/migration/postgresql/453UpdateWindowCDLReport.sql status 0
File /opt/Development/workspace/FTA/migration/postgresql/454UpdateReportsRecordWeight.sql status 0
File /opt/Development/workspace/FTA/migration/postgresql/455AddSystemConfiguratorValidQtyOnHand.sql status 0
File /opt/Development/workspace/FTA/migration/postgresql/456UpdateProcessCDLCategoryMovement.sql status 0
File /opt/Development/workspace/FTA/migration/postgresql/457UpdateValidation.sql status 0
File /opt/Development/workspace/FTA/migration/postgresql/458UpdateValidationFarmerCredit.sql status 0
File /opt/Development/workspace/FTA/migration/postgresql/459AddSupportProcessReportAttributes.sql status 0
File /opt/Development/workspace/FTA/migration/postgresql/460UpdateProcessReportAttributes.sql status 0
File /opt/Development/workspace/FTA/migration/postgresql/461UpdateProcessReport.sql status 0
File /opt/Development/workspace/FTA/migration/postgresql/462UpdateAttributeReport.sql status 0
File /opt/Development/workspace/FTA/migration/postgresql/463UpdateAttributeReport.sql status 0
File /opt/Development/workspace/FTA/migration/postgresql/464AddColumnQtyandAmtpreviousIntoFarmerCredit.sql status 0
File /opt/Development/workspace/FTA/migration/postgresql/465AddIsBillOfExchangeBasedDocumentAndDocuumentTypeForClosed_postgresql.sql status 0
File /opt/Development/workspace/FTA/migration/postgresql/466AddC_AllocationHdr_ID_ToFTA_Allocation_postgresql.sql status 0
File /opt/Development/workspace/FTA/migration/postgresql/467AddC_Invoice_ID_To_BillOfExchange_postgresql.sql status 0
File /opt/Development/workspace/FTA/migration/postgresql/468AddProcessCloseDocuments_postgresql.sql status 0
File /opt/Development/workspace/FTA/migration/postgresql/469AddProcessCloseDocumentToMenu_postgresql.sql status 0
File /opt/Development/workspace/FTA/migration/postgresql/470AddDateInvoicedToProcessCloseDocuments_postgresql.sql status 0
File /opt/Development/workspace/FTA/migration/postgresql/471AddDocTypeValidation_postgresql.sql status 0
File /opt/Development/workspace/FTA/migration/postgresql/472ChangeC_DocTypeClose_And_Add_C_DocTypeCloseAP_ID_postgresql.sql status 0
File /opt/Development/workspace/FTA/migration/postgresql/473AddSupportParentFarmerCredit.sql status 0
File /opt/Development/workspace/FTA/migration/postgresql/474AddSupportParentFarmerCredit.sql status 0
File /opt/Development/workspace/FTA/migration/postgresql/475AddSupportParentFarmerCredit.sql status 0
File /opt/Development/workspace/FTA/migration/postgresql/476UpdateSupportFarmerCredit.sql status 0
File /opt/Development/workspace/FTA/migration/postgresql/477AddWindowRecordWeightMaintain.sql status 0
File /opt/Development/workspace/FTA/migration/postgresql/478AddProcessChangeQtyApprovedToQtyEffective.sql status 0
File /opt/Development/workspace/FTA/migration/postgresql/479UpdateProcessChangeQtyApporvedToQtyEffective.sql status 0
File /opt/Development/workspace/FTA/migration/postgresql/480AddSmartBrowseBillOfExchangeGeneratedByDoc_postgresql.sql status 0
File /opt/Development/workspace/FTA/migration/postgresql/481AddSupportParentFarmerCredit.sql status 0
File /opt/Development/workspace/FTA/migration/postgresql/482AddProcessGenerateBEFromDocument_postgresql.sql status 0
File /opt/Development/workspace/FTA/migration/postgresql/483UpgradeValidationRW_postgresql.sql status 0
File /opt/Development/workspace/FTA/migration/postgresql/484AddReportSumary_postgresql.sql status 0
File /opt/Development/workspace/FTA/migration/postgresql/485UpdateColumnOperationTypeInTableLoadOrder.sql status 0
File /opt/Development/workspace/FTA/migration/postgresql/486UpdateParameter.sql status 0
File /opt/Development/workspace/FTA/migration/postgresql/487AddSysConfigCreditControlModule.sql status 0
File /opt/Development/workspace/FTA/migration/postgresql/488UpdateLogicVisualizationInOrderInvoiceandPayment.sql status 0
File /opt/Development/workspace/FTA/migration/postgresql/489UpdateTableFTA_LoadOrderAndFTA_EntryTicket.sql status 0
File /opt/Development/workspace/FTA/migration/postgresql/490UpdateWindowQualityAnalysis.sql status 0
File /opt/Development/workspace/FTA/migration/postgresql/491UpdateParameterOfCreidtInReports.sql status 0
File /opt/Development/workspace/FTA/migration/postgresql/492AddColumnIsAppliedInTableProductsToApplied.sql status 0
File /opt/Development/workspace/FTA/migration/postgresql/493AddParameterGeneratedInvoiceInProcessGenerateOrderOfTechnicalForm.sql status 0
File /opt/Development/workspace/FTA/migration/postgresql/494UpdateFieldIsApplied.sql status 0
File /opt/Development/workspace/FTA/migration/postgresql/495AddTableFTA_CD_Category.sql status 0
File /opt/Development/workspace/FTA/migration/postgresql/496AddparameterProductAndProductToInProcessChangeCategory.sql status 0
File /opt/Development/workspace/FTA/migration/postgresql/497UpdateColumnInTableCD_Category.sql status 0
File /opt/Development/workspace/FTA/migration/postgresql/498UpdateValidationInTableFTA_CD_Category.sql status 0
File /opt/Development/workspace/FTA/migration/postgresql/499DropColumnCategoryAndPlantingCycleInCreditDefinition.sql status 0
File /opt/Development/workspace/FTA/migration/postgresql/500AddColumnIsFactCreditManualInInvoiceAndSalesTransactions.sql status 0
File /opt/Development/workspace/FTA/migration/postgresql/501UpdateWindowCD_Category.sql status 0
File /opt/Development/workspace/FTA/migration/postgresql/502AddColumnIsCheckReturnInC_DocType.sql status 0
File /opt/Development/workspace/FTA/migration/postgresql/503AddImportTableAndWindowImportRecordWeight_postgresql.sql status 0
File /opt/Development/workspace/FTA/migration/postgresql/504AddProcessAndMenuItemImportRecordWeight_postgresql.sql status 0
File /opt/Development/workspace/FTA/migration/postgresql/505CorrectFieldsImportRecordWeightWindows_postgresql.sql status 0
File /opt/Development/workspace/FTA/migration/postgresql/506AddProcessParameterImportRecordWeight_postgresql.sql status 0
File /opt/Development/workspace/FTA/migration/postgresql/507AddFormatImportRecordWeight_postgresql.sql status 0
File /opt/Development/workspace/FTA/migration/postgresql/508CorrectProcessParameter_postgresql.sql status 0
File /opt/Development/workspace/FTA/migration/postgresql/509AddPrintFormatImportRecordWeight_postgresql.sql status 0
File /opt/Development/workspace/FTA/migration/postgresql/510AddChangeImportFormatFields_postgresql.sql status 0
File /opt/Development/workspace/FTA/migration/postgresql/511SortFieldFormatImport_postgresql.sql status 0
File /opt/Development/workspace/FTA/migration/postgresql/512AddColumnsToRWImport_postgresql.sql status 0
File /opt/Development/workspace/FTA/migration/postgresql/513ChangeFieldLen_postgresql.sql status 0
File /opt/Development/workspace/FTA/migration/postgresql/514ChangeSortFieldstoImportRW_postgresql.sql status 0
File /opt/Development/workspace/FTA/migration/postgresql/515AddOperationTypeToI_RecordWeight_postgresql.sql status 0
File /opt/Development/workspace/FTA/migration/postgresql/516AddChuteToI_RecordWeight_postgresql.sql status 0
File /opt/Development/workspace/FTA/migration/postgresql/517AddFieldsForForLoadOrderImportinRecordWeightImport_postgresql.sql status 0
File /opt/Development/workspace/FTA/migration/postgresql/518AddFieldsForOrderImportRecordWeight_postgresql.sql status 0
File /opt/Development/workspace/FTA/migration/postgresql/519AddFTALoadOrderFieldsImportRecordWeight_postgresql.sql status 0
File /opt/Development/workspace/FTA/migration/postgresql/520AddTrailerPlateAndMobilizationGuide_postgresql.sql status 0
File /opt/Development/workspace/FTA/migration/postgresql/521AddParametersforSBCredit_Debit_postgresql.sql status 0
File /opt/Development/workspace/FTA/migration/postgresql/522AddProcessLoadOrderGenerateInvoice.sql status 0
File /opt/Development/workspace/FTA/migration/postgresql/523UpdateSmartBrowseLoadOrderGenerateInvoice.sql status 0
File /opt/Development/workspace/FTA/migration/postgresql/524AddZoomAccrossLoadOrder.sql status 0
File /opt/Development/workspace/FTA/migration/postgresql/525AddReportShipmentInvoiceOfLoadOrder.sql status 0
File /opt/Development/workspace/FTA/migration/postgresql/526AddProcessGenerateShipmentOfLoadOrder.sql status 0
File /opt/Development/workspace/FTA/migration/postgresql/527UpdateQueryCriteriaSmartBrowse.sql status 0
File /opt/Development/workspace/FTA/migration/postgresql/528UpdateQueryCriteriaSmartBrowse.sql status 0
File /opt/Development/workspace/FTA/migration/postgresql/529UpdateSmartBrowseCreateDelivered.sql status 0
File /opt/Development/workspace/FTA/migration/postgresql/530AddCahnges_GenerateInOut_postgresql.sql status 0
File /opt/Development/workspace/FTA/migration/postgresql/530AddValidationFTA_LoadOrderinMaterialOutputMovementAndCompleted.sql status 0
File /opt/Development/workspace/FTA/migration/postgresql/531UpdateSmartBrowse.sql status 0
File /opt/Development/workspace/FTA/migration/postgresql/532UpdateValidationVehicleInShipper.sql status 0
File /opt/Development/workspace/FTA/migration/postgresql/533AddColumnFTA_RecordWeightInTableM_Movement.sql status 0
File /opt/Development/workspace/FTA/migration/postgresql/534ChangesInInvoiceGenerate_postgresql.sql status 0
File /opt/Development/workspace/FTA/migration/postgresql/535AddViewFTA_RV_MovementLoadOrder.sql status 0
File /opt/Development/workspace/FTA/migration/postgresql/536AddColumnIsGenerateShipmentGuideInC_DocType.sql status 0
File /opt/Development/workspace/FTA/migration/postgresql/537AddDefaultLogicToColumnIsGenerateShipmentGuide.sql status 0
File /opt/Development/workspace/FTA/migration/postgresql/538UpdateParameterInSmartBrowseCreateMovement.sql status 0
File /opt/Development/workspace/FTA/migration/postgresql/540AddSystemConfig_FTA_MANDATORY_SHIPMENT_GUIDE.sql status 0
File /opt/Development/workspace/FTA/migration/postgresql/541UpdateValidationInSmartBrowseGenerateShipment.sql status 0
File /opt/Development/workspace/FTA/migration/postgresql/542AddSystemConfigurator_QUANTITY_TO_GENERATE_SHIPMENT_GUIDE.sql status 0
File /opt/Development/workspace/FTA/migration/postgresql/543AddColumnIsValidateQuantityInLoadOrder_postgresql.sql status 0
File /opt/Development/workspace/FTA/migration/postgresql/544AddColumnControlNoAndIsManualInM_Movement_postgresql.sql status 0
File /opt/Development/workspace/FTA/migration/postgresql/545AddColumnIsManualInM_InOut_postgresql.sql status 0
File /opt/Development/workspace/FTA/migration/postgresql/546AddWeightScaleInRecordWeight_postgresql.sql status 0
File /opt/Development/workspace/FTA/migration/postgresql/547UpdateNameZoomAccross_postgresql.sql status 0
File /opt/Development/workspace/FTA/migration/postgresql/548AddZommAccrossFromLoadOrderToMovement_postgresql.sql status 0
File /opt/Development/workspace/FTA/migration/postgresql/549AddWindowRecordWeightAll_postgresql.sql status 0
File /opt/Development/workspace/FTA/migration/postgresql/550AddColumnC_DocTypeMovement_ID_postgresql.sql status 0
File /opt/Development/workspace/FTA/migration/postgresql/551AddProcessChangeDriverAndChangeVehicle_postgresql.sql status 0
File /opt/Development/workspace/FTA/migration/postgresql/552UpdateMenuOfChangeDriverAndVehicle_postgresql.sql status 0
File /opt/Development/workspace/FTA/migration/postgresql/553AddValidationForViewWeightScaleOfRole_postgresql.sql status 0
File /opt/Development/workspace/FTA/migration/postgresql/800AddTablesIntoDB_Postgres.sql status 0
File /opt/Development/workspace/FTA/migration/postgresql/801Add_Columns_To_Default_Tables_Postgres.sql status 0
File /opt/Development/workspace/FTA/migration/postgresql/802FTA-ForeignKeysPostgreSQL.sql status 0
File /opt/Development/workspace/FTA/migration/postgresql/803AddUnikeIndexIntoColumPostgreSQL.sql status 0
File /opt/Development/workspace/FTA/migration/postgresql/804AddFunctionFTA_RateConversionIntoPostgreSQL.sql status 0
File /opt/Development/workspace/FTA/migration/postgresql/805AddFunctionFTA_AccountStatementFunctionIntoPostgreSQL.sql status 0
File /opt/Development/workspace/FTA/migration/postgresql/850AddViewFTA_RV_LiquidationAndFTA_RV_LiquidationLine.sql status 0
File /opt/Development/workspace/FTA/migration/postgresql/851AddViewFTA_RV_RecordWeightUnLiquidated.sql status 0
File /opt/Development/workspace/FTA/migration/postgresql/852AddViewFTA_RV_EntryTicket.sql status 0
File /opt/Development/workspace/FTA/migration/postgresql/853AddViewFTA_RV_AllocationCreditAct.sql status 0
File /opt/Development/workspace/FTA/migration/postgresql/854AddViewFTA_RV_SuggestedProducts.sql status 0
File /opt/Development/workspace/FTA/migration/postgresql/855AddViewFTA_RV_C_Invoice.sql status 0
File /opt/Development/workspace/FTA/migration/postgresql/856AddViewFTA_RV_CreditDefinitionBalance.sql status 0
File /opt/Development/workspace/FTA/migration/postgresql/857AddViewFTA_RV_AttributeValue.sql status 0
File /opt/Development/workspace/FTA/migration/postgresql/858AddViewFTA_RV_MobilizationGuide.sql status 0
File /opt/Development/workspace/FTA/migration/postgresql/859AddViewFTA_RV_QualityAnalisys.sql status 0
File /opt/Development/workspace/FTA/migration/postgresql/860AddViewFTA_RV_CreditSOAllocation.sql status 0
File /opt/Development/workspace/FTA/migration/postgresql/861AddViewFTA_RV_RecordWeight.sql status 0
File /opt/Development/workspace/FTA/migration/postgresql/862AddViewFTA_RV_AttributeList.sql status 0
File /opt/Development/workspace/FTA/migration/postgresql/863AddFunction_invoiceOpenFTA.sql status 0
File /opt/Development/workspace/FTA/migration/postgresql/864AddFunction_liquidationAvailable.sql status 0
File /opt/Development/workspace/FTA/migration/postgresql/865AddViewFTA_RV_CreditDefinition.sql status 0
File /opt/Development/workspace/FTA/migration/postgresql/866AddViewFTA_RV_CreditDefinitionLine.sql status 0
File /opt/Development/workspace/FTA/migration/postgresql/867AddViewFTA_RV_BillOfExchange.sql status 0
File /opt/Development/workspace/FTA/migration/postgresql/868AddViewFTA_RV_M_Movement.sql status 0
File /opt/Development/workspace/FTA/migration/postgresql/869AddViewFTA_RV_M_MovementLine.sql status 0
File /opt/Development/workspace/FTA/migration/postgresql/870AddViewFTA_RV_PaymentRequest.sql status 0
File /opt/Development/workspace/FTA/migration/postgresql/871AddViewFTA_RV_TechnicalForm.sql status 0
File /opt/Development/workspace/FTA/migration/postgresql/872AddViewFTA_RV_TechnicalFormLine.sql status 0
File /opt/Development/workspace/FTA/migration/postgresql/873AddViewFTA_RV_ProductsToApply.sql status 0
File /opt/Development/workspace/FTA/migration/postgresql/874AddViewFTA_RV_LiquidationForPayment.sql status 0
File /opt/Development/workspace/FTA/migration/postgresql/875AddViewFTA_RV_Contract.sql status 0
File /opt/Development/workspace/FTA/migration/postgresql/876AddViewFTA_RV_PamentRequestForPayment.sql status 0
File /opt/Development/workspace/FTA/migration/postgresql/877AddViewFTA_RV_LiquidationDetail.sql status 0
File /opt/Development/workspace/FTA/migration/postgresql/878AddViewFTA_RV_AllocationAndViewFTA_RV_AllocationLine.sql status 0
File /opt/Development/workspace/FTA/migration/postgresql/879AddViewFTA_RV_FarmerCredit.sql status 0
File /opt/Development/workspace/FTA/migration/postgresql/880AddViewFTA_RV_Farming.sql status 0
File /opt/Development/workspace/FTA/migration/postgresql/881AddViewFTA_RV_DocumentFact.sql status 0
File /opt/Development/workspace/FTA/migration/postgresql/882AddViewFTA_RV_LiquidationsForInvoice.sql status 0
File /opt/Development/workspace/FTA/migration/postgresql/883AddViewFTA_RV_LoadOrder.sql status 0
File /opt/Development/workspace/FTA/migration/postgresql/884AddViewFTA_RV_ShipmentGuide.sql status 0
File /opt/Development/workspace/FTA/migration/postgresql/885AddViewFTA_RV_CDL_CategoriesByCredit.sql status 0
File /opt/Development/workspace/FTA/migration/postgresql/886AddViewFTA_RV_Fact.sql status 0
File /opt/Development/workspace/FTA/migration/postgresql/887AddViewFTA_RV_AccountStatement.sql status 0
File /opt/Development/workspace/FTA/migration/postgresql/888AddViewFTA_RV_VehicleStatus.sql status 0
File /opt/Development/workspace/FTA/migration/postgresql/889AddViewFTA_RV_RecordWeight_InOut_Source.sql status 0
File /opt/Development/workspace/FTA/migration/postgresql/890AddViewFTA_RV_BillOfExchangeDoc.sql status 0
File /opt/Development/workspace/FTA/migration/postgresql/891AddViewFTA_RV_LoadOrderGenerateInvoice.sql status 0
File /opt/Development/workspace/FTA/migration/postgresql/892AddViewFTA_RV_ShipmentInvoiceLoadOrder.sql status 0
File /opt/Development/workspace/FTA/migration/postgresql/893AddViewFTA_RV_RecordWeight_InOut.sql status 0
File /opt/Development/workspace/FTA/migration/postgresql/894FTA_RV_MovementLoadOrder.sql status 0
File /opt/Development/workspace/FTA/migration/postgresql/895AddViewFTA_RV_RecordWeightDetail.sql status 0
